== Info:   Trying 127.0.0.1:5001...
== Info: Connected to 127.0.0.1 (127.0.0.1) port 5001
=> Send header, 140 bytes (0x8c)
0000: POST /api/users/ HTTP/1.1
001b: Host: 127.0.0.1:5001
0031: User-Agent: curl/8.5.0
0049: Accept: */*
0056: Content-Type: application/json
0076: Content-Length: 47
008a: 
=> Send data, 47 bytes (0x2f)
0000: {"name":"Test User","email":"test@example.com"}
<= Recv header, 26 bytes (0x1a)
0000: HTTP/1.1 400 BAD REQUEST
<= Recv header, 39 bytes (0x27)
0000: Server: Werkzeug/3.1.3 Python/3.11.11
<= Recv header, 37 bytes (0x25)
0000: Date: Sat, 15 Feb 2025 17:05:31 GMT
<= Recv header, 32 bytes (0x20)
0000: Content-Type: application/json
<= Recv header, 20 bytes (0x14)
0000: Content-Length: 41
<= Recv header, 19 bytes (0x13)
0000: Connection: close
<= Recv header, 2 bytes (0x2)
0000: 
<= Recv data, 41 bytes (0x29)
0000: {.  "error": "Missing required fields".}.
== Info: Closing connection
